0 info it worked if it ends with ok
1 verbose cli [ '/usr/bin/nodejs', '/usr/bin/npm', 'install', 'jade', '-g' ]
2 info using npm@1.3.10
3 info using node@v0.10.25
4 verbose cache add [ 'jade', null ]
5 verbose cache add name=undefined spec="jade" args=["jade",null]
6 verbose parsed url { protocol: null,
6 verbose parsed url   slashes: null,
6 verbose parsed url   auth: null,
6 verbose parsed url   host: null,
6 verbose parsed url   port: null,
6 verbose parsed url   hostname: null,
6 verbose parsed url   hash: null,
6 verbose parsed url   search: null,
6 verbose parsed url   query: null,
6 verbose parsed url   pathname: 'jade',
6 verbose parsed url   path: 'jade',
6 verbose parsed url   href: 'jade' }
7 silly lockFile 5bd60fae-jade jade
8 verbose lock jade /home/raphael/.npm/5bd60fae-jade.lock
9 silly lockFile 5bd60fae-jade jade
10 silly lockFile 5bd60fae-jade jade
11 verbose addNamed [ 'jade', '' ]
12 verbose addNamed [ null, '*' ]
13 silly lockFile 51d481b2-jade jade@
14 verbose lock jade@ /home/raphael/.npm/51d481b2-jade.lock
15 silly addNameRange { name: 'jade', range: '*', hasData: false }
16 verbose url raw jade
17 verbose url resolving [ 'https://registry.npmjs.org/', './jade' ]
18 verbose url resolved https://registry.npmjs.org/jade
19 info trying registry request attempt 1 at 21:22:15
20 http GET https://registry.npmjs.org/jade
21 http 200 https://registry.npmjs.org/jade
22 silly registry.get cb [ 200,
22 silly registry.get   { date: 'Sun, 02 Nov 2014 01:22:15 GMT',
22 silly registry.get     server: 'CouchDB/1.5.0 (Erlang OTP/R16B03)',
22 silly registry.get     etag: '"QHLPMBXXME56JWDXG4BJV1EZ"',
22 silly registry.get     'content-type': 'application/json',
22 silly registry.get     'cache-control': 'max-age=60',
22 silly registry.get     'content-length': '127465',
22 silly registry.get     'accept-ranges': 'bytes',
22 silly registry.get     via: '1.1 varnish',
22 silly registry.get     age: '0',
22 silly registry.get     'x-served-by': 'cache-atl6222-ATL',
22 silly registry.get     'x-cache': 'HIT',
22 silly registry.get     'x-cache-hits': '1',
22 silly registry.get     'x-timer': 'S1414891335.881493,VS0,VE73',
22 silly registry.get     vary: 'Accept',
22 silly registry.get     'keep-alive': 'timeout=10, max=50',
22 silly registry.get     connection: 'Keep-Alive' } ]
23 silly addNameRange number 2 { name: 'jade', range: '*', hasData: true }
24 silly addNameRange versions [ 'jade',
24 silly addNameRange   [ '0.0.1',
24 silly addNameRange     '0.0.2',
24 silly addNameRange     '0.1.0',
24 silly addNameRange     '0.2.0',
24 silly addNameRange     '0.2.1',
24 silly addNameRange     '0.2.2',
24 silly addNameRange     '0.2.3',
24 silly addNameRange     '0.2.4',
24 silly addNameRange     '0.3.0',
24 silly addNameRange     '0.4.0',
24 silly addNameRange     '0.4.1',
24 silly addNameRange     '0.5.0',
24 silly addNameRange     '0.5.1',
24 silly addNameRange     '0.5.2',
24 silly addNameRange     '0.5.3',
24 silly addNameRange     '0.5.4',
24 silly addNameRange     '0.5.5',
24 silly addNameRange     '0.5.6',
24 silly addNameRange     '0.5.7',
24 silly addNameRange     '0.6.0',
24 silly addNameRange     '0.6.1',
24 silly addNameRange     '0.6.3',
24 silly addNameRange     '0.7.0',
24 silly addNameRange     '0.7.1',
24 silly addNameRange     '0.8.0',
24 silly addNameRange     '0.8.1',
24 silly addNameRange     '0.8.2',
24 silly addNameRange     '0.8.3',
24 silly addNameRange     '0.8.4',
24 silly addNameRange     '0.8.5',
24 silly addNameRange     '0.8.6',
24 silly addNameRange     '0.8.7',
24 silly addNameRange     '0.8.8',
24 silly addNameRange     '0.8.9',
24 silly addNameRange     '0.9.0',
24 silly addNameRange     '0.9.1',
24 silly addNameRange     '0.9.2',
24 silly addNameRange     '0.9.3',
24 silly addNameRange     '0.10.0',
24 silly addNameRange     '0.10.1',
24 silly addNameRange     '0.10.2',
24 silly addNameRange     '0.10.3',
24 silly addNameRange     '0.10.4',
24 silly addNameRange     '0.10.5',
24 silly addNameRange     '0.10.6',
24 silly addNameRange     '0.10.7',
24 silly addNameRange     '0.11.0',
24 silly addNameRange     '0.11.1',
24 silly addNameRange     '0.12.0',
24 silly addNameRange     '0.12.1',
24 silly addNameRange     '0.12.2',
24 silly addNameRange     '0.12.3',
24 silly addNameRange     '0.12.4',
24 silly addNameRange     '0.13.0',
24 silly addNameRange     '0.14.0',
24 silly addNameRange     '0.14.1',
24 silly addNameRange     '0.14.2',
24 silly addNameRange     '0.15.0',
24 silly addNameRange     '0.15.1',
24 silly addNameRange     '0.15.2',
24 silly addNameRange     '0.15.3',
24 silly addNameRange     '0.15.4',
24 silly addNameRange     '0.16.0',
24 silly addNameRange     '0.16.1',
24 silly addNameRange     '0.16.2',
24 silly addNameRange     '0.16.3',
24 silly addNameRange     '0.16.4',
24 silly addNameRange     '0.17.0',
24 silly addNameRange     '0.18.0',
24 silly addNameRange     '0.19.0',
24 silly addNameRange     '0.20.0',
24 silly addNameRange     '0.20.1',
24 silly addNameRange     '0.20.2',
24 silly addNameRange     '0.20.3',
24 silly addNameRange     '0.21.0',
24 silly addNameRange     '0.22.0',
24 silly addNameRange     '0.22.1',
24 silly addNameRange     '0.23.0',
24 silly addNameRange     '0.24.0',
24 silly addNameRange     '0.25.0',
24 silly addNameRange     '0.26.0',
24 silly addNameRange     '0.26.1',
24 silly addNameRange     '0.26.2',
24 silly addNameRange     '0.26.3',
24 silly addNameRange     '0.27.0',
24 silly addNameRange     '0.27.1',
24 silly addNameRange     '0.27.2',
24 silly addNameRange     '0.27.3',
24 silly addNameRange     '0.27.4',
24 silly addNameRange     '0.27.5',
24 silly addNameRange     '0.27.6',
24 silly addNameRange     '0.27.7',
24 silly addNameRange     '0.28.0',
24 silly addNameRange     '0.28.1',
24 silly addNameRange     '0.28.2',
24 silly addNameRange     '0.29.0',
24 silly addNameRange     '0.30.0',
24 silly addNameRange     '0.31.0',
24 silly addNameRange     '0.31.1',
24 silly addNameRange     '0.31.2',
24 silly addNameRange     '0.32.0',
24 silly addNameRange     '0.33.0',
24 silly addNameRange     '0.34.0',
24 silly addNameRange     '0.34.1',
24 silly addNameRange     '0.35.0',
24 silly addNameRange     '1.0.0',
24 silly addNameRange     '1.0.1',
24 silly addNameRange     '1.0.2',
24 silly addNameRange     '1.1.0',
24 silly addNameRange     '1.1.1',
24 silly addNameRange     '1.1.2',
24 silly addNameRange     '1.1.3',
24 silly addNameRange     '1.1.4',
24 silly addNameRange     '1.1.5',
24 silly addNameRange     '1.2.0',
24 silly addNameRange     '1.3.0',
24 silly addNameRange     '1.3.1',
24 silly addNameRange     '1.4.0',
24 silly addNameRange     '1.4.1',
24 silly addNameRange     '1.4.2',
24 silly addNameRange     '1.5.0',
24 silly addNameRange     '1.6.0',
24 silly addNameRange     '1.7.0' ] ]
25 verbose addNamed [ 'jade', '1.7.0' ]
26 verbose addNamed [ '1.7.0', '1.7.0' ]
27 silly lockFile 154ac756-jade-1-7-0 jade@1.7.0
28 verbose lock jade@1.7.0 /home/raphael/.npm/154ac756-jade-1-7-0.lock
29 silly lockFile 14fd3f89-ry-npmjs-org-jade-jade-1-7-0-tgz https://registry.npmjs.org/jade/-/jade-1.7.0.tgz
30 verbose lock https://registry.npmjs.org/jade/-/jade-1.7.0.tgz /home/raphael/.npm/14fd3f89-ry-npmjs-org-jade-jade-1-7-0-tgz.lock
31 verbose addRemoteTarball [ 'https://registry.npmjs.org/jade/-/jade-1.7.0.tgz',
31 verbose addRemoteTarball   'fa0251e9536cd363034ea88f61e99c7e98991524' ]
32 info retry fetch attempt 1 at 21:22:16
33 verbose fetch to= /home/raphael/tmp/npm-22188-AuwVDlCi/1414891336317-0.9321068781428039/tmp.tgz
34 http GET https://registry.npmjs.org/jade/-/jade-1.7.0.tgz
35 http 200 https://registry.npmjs.org/jade/-/jade-1.7.0.tgz
36 verbose tar unpack /home/raphael/tmp/npm-22188-AuwVDlCi/1414891336317-0.9321068781428039/tmp.tgz
37 silly lockFile 31ec6c3f-36317-0-9321068781428039-package tar:///home/raphael/tmp/npm-22188-AuwVDlCi/1414891336317-0.9321068781428039/package
38 verbose lock tar:///home/raphael/tmp/npm-22188-AuwVDlCi/1414891336317-0.9321068781428039/package /home/raphael/.npm/31ec6c3f-36317-0-9321068781428039-package.lock
39 silly lockFile 5845c850-36317-0-9321068781428039-tmp-tgz tar:///home/raphael/tmp/npm-22188-AuwVDlCi/1414891336317-0.9321068781428039/tmp.tgz
40 verbose lock tar:///home/raphael/tmp/npm-22188-AuwVDlCi/1414891336317-0.9321068781428039/tmp.tgz /home/raphael/.npm/5845c850-36317-0-9321068781428039-tmp-tgz.lock
41 silly gunzTarPerm modes [ '755', '644' ]
42 silly gunzTarPerm extractEntry package.json
43 silly gunzTarPerm modified mode [ 'package.json', 438, 420 ]
44 silly gunzTarPerm extractEntry .npmignore
45 silly gunzTarPerm modified mode [ '.npmignore', 438, 420 ]
46 silly gunzTarPerm extractEntry README.md
47 silly gunzTarPerm modified mode [ 'README.md', 438, 420 ]
48 silly gunzTarPerm extractEntry LICENSE
49 silly gunzTarPerm modified mode [ 'LICENSE', 438, 420 ]
50 silly gunzTarPerm extractEntry release.js
51 silly gunzTarPerm modified mode [ 'release.js', 438, 420 ]
52 silly gunzTarPerm extractEntry jade.js
53 silly gunzTarPerm modified mode [ 'jade.js', 438, 420 ]
54 silly gunzTarPerm extractEntry index.js
55 silly gunzTarPerm modified mode [ 'index.js', 438, 420 ]
56 silly gunzTarPerm extractEntry runtime.js
57 silly gunzTarPerm modified mode [ 'runtime.js', 438, 420 ]
58 silly gunzTarPerm extractEntry .release.json
59 silly gunzTarPerm modified mode [ '.release.json', 438, 420 ]
60 silly gunzTarPerm extractEntry component.json
61 silly gunzTarPerm modified mode [ 'component.json', 438, 420 ]
62 silly gunzTarPerm extractEntry lib/compiler.js
63 silly gunzTarPerm modified mode [ 'lib/compiler.js', 438, 420 ]
64 silly gunzTarPerm extractEntry lib/filters-client.js
65 silly gunzTarPerm modified mode [ 'lib/filters-client.js', 438, 420 ]
66 silly gunzTarPerm extractEntry lib/filters.js
67 silly gunzTarPerm modified mode [ 'lib/filters.js', 438, 420 ]
68 silly gunzTarPerm extractEntry lib/index.js
69 silly gunzTarPerm modified mode [ 'lib/index.js', 438, 420 ]
70 silly gunzTarPerm extractEntry lib/inline-tags.js
71 silly gunzTarPerm modified mode [ 'lib/inline-tags.js', 438, 420 ]
72 silly gunzTarPerm extractEntry lib/doctypes.js
73 silly gunzTarPerm modified mode [ 'lib/doctypes.js', 438, 420 ]
74 silly gunzTarPerm extractEntry lib/lexer.js
75 silly gunzTarPerm modified mode [ 'lib/lexer.js', 438, 420 ]
76 silly gunzTarPerm extractEntry lib/runtime.js
77 silly gunzTarPerm modified mode [ 'lib/runtime.js', 438, 420 ]
78 silly gunzTarPerm extractEntry lib/parser.js
79 silly gunzTarPerm modified mode [ 'lib/parser.js', 438, 420 ]
80 silly gunzTarPerm extractEntry lib/utils.js
81 silly gunzTarPerm modified mode [ 'lib/utils.js', 438, 420 ]
82 silly gunzTarPerm extractEntry lib/jade.js
83 silly gunzTarPerm modified mode [ 'lib/jade.js', 438, 420 ]
84 silly gunzTarPerm extractEntry lib/nodes/attrs.js
85 silly gunzTarPerm modified mode [ 'lib/nodes/attrs.js', 438, 420 ]
86 silly gunzTarPerm extractEntry lib/nodes/code.js
87 silly gunzTarPerm modified mode [ 'lib/nodes/code.js', 438, 420 ]
88 silly gunzTarPerm extractEntry lib/nodes/comment.js
89 silly gunzTarPerm modified mode [ 'lib/nodes/comment.js', 438, 420 ]
90 silly gunzTarPerm extractEntry lib/nodes/doctype.js
91 silly gunzTarPerm modified mode [ 'lib/nodes/doctype.js', 438, 420 ]
92 silly gunzTarPerm extractEntry lib/nodes/each.js
93 silly gunzTarPerm modified mode [ 'lib/nodes/each.js', 438, 420 ]
94 silly gunzTarPerm extractEntry lib/nodes/case.js
95 silly gunzTarPerm modified mode [ 'lib/nodes/case.js', 438, 420 ]
96 silly gunzTarPerm extractEntry lib/nodes/index.js
97 silly gunzTarPerm modified mode [ 'lib/nodes/index.js', 438, 420 ]
98 silly gunzTarPerm extractEntry lib/nodes/literal.js
99 silly gunzTarPerm modified mode [ 'lib/nodes/literal.js', 438, 420 ]
100 silly gunzTarPerm extractEntry lib/nodes/mixin-block.js
101 silly gunzTarPerm modified mode [ 'lib/nodes/mixin-block.js', 438, 420 ]
102 silly gunzTarPerm extractEntry lib/nodes/mixin.js
103 silly gunzTarPerm modified mode [ 'lib/nodes/mixin.js', 438, 420 ]
104 silly gunzTarPerm extractEntry lib/nodes/node.js
105 silly gunzTarPerm modified mode [ 'lib/nodes/node.js', 438, 420 ]
106 silly gunzTarPerm extractEntry lib/nodes/block.js
107 silly gunzTarPerm modified mode [ 'lib/nodes/block.js', 438, 420 ]
108 silly gunzTarPerm extractEntry lib/nodes/tag.js
109 silly gunzTarPerm modified mode [ 'lib/nodes/tag.js', 438, 420 ]
110 silly gunzTarPerm extractEntry lib/nodes/block-comment.js
111 silly gunzTarPerm modified mode [ 'lib/nodes/block-comment.js', 438, 420 ]
112 silly gunzTarPerm extractEntry lib/nodes/text.js
113 silly gunzTarPerm modified mode [ 'lib/nodes/text.js', 438, 420 ]
114 silly gunzTarPerm extractEntry lib/nodes/filter.js
115 silly gunzTarPerm modified mode [ 'lib/nodes/filter.js', 438, 420 ]
116 silly gunzTarPerm extractEntry bin/jade.js
117 silly gunzTarPerm modified mode [ 'bin/jade.js', 438, 420 ]
118 silly gunzTarPerm extractEntry Readme_zh-cn.md
119 silly gunzTarPerm modified mode [ 'Readme_zh-cn.md', 438, 420 ]
120 silly lockFile 31ec6c3f-36317-0-9321068781428039-package tar:///home/raphael/tmp/npm-22188-AuwVDlCi/1414891336317-0.9321068781428039/package
121 silly lockFile 31ec6c3f-36317-0-9321068781428039-package tar:///home/raphael/tmp/npm-22188-AuwVDlCi/1414891336317-0.9321068781428039/package
122 silly lockFile 5845c850-36317-0-9321068781428039-tmp-tgz tar:///home/raphael/tmp/npm-22188-AuwVDlCi/1414891336317-0.9321068781428039/tmp.tgz
123 silly lockFile 5845c850-36317-0-9321068781428039-tmp-tgz tar:///home/raphael/tmp/npm-22188-AuwVDlCi/1414891336317-0.9321068781428039/tmp.tgz
124 verbose tar pack [ '/home/raphael/.npm/jade/1.7.0/package.tgz',
124 verbose tar pack   '/home/raphael/tmp/npm-22188-AuwVDlCi/1414891336317-0.9321068781428039/package' ]
125 verbose tarball /home/raphael/.npm/jade/1.7.0/package.tgz
126 verbose folder /home/raphael/tmp/npm-22188-AuwVDlCi/1414891336317-0.9321068781428039/package
127 silly lockFile 31ec6c3f-36317-0-9321068781428039-package tar:///home/raphael/tmp/npm-22188-AuwVDlCi/1414891336317-0.9321068781428039/package
128 verbose lock tar:///home/raphael/tmp/npm-22188-AuwVDlCi/1414891336317-0.9321068781428039/package /home/raphael/.npm/31ec6c3f-36317-0-9321068781428039-package.lock
129 silly lockFile 3c73bbbb-phael-npm-jade-1-7-0-package-tgz tar:///home/raphael/.npm/jade/1.7.0/package.tgz
130 verbose lock tar:///home/raphael/.npm/jade/1.7.0/package.tgz /home/raphael/.npm/3c73bbbb-phael-npm-jade-1-7-0-package-tgz.lock
131 silly lockFile 31ec6c3f-36317-0-9321068781428039-package tar:///home/raphael/tmp/npm-22188-AuwVDlCi/1414891336317-0.9321068781428039/package
132 silly lockFile 31ec6c3f-36317-0-9321068781428039-package tar:///home/raphael/tmp/npm-22188-AuwVDlCi/1414891336317-0.9321068781428039/package
133 silly lockFile 3c73bbbb-phael-npm-jade-1-7-0-package-tgz tar:///home/raphael/.npm/jade/1.7.0/package.tgz
134 silly lockFile 3c73bbbb-phael-npm-jade-1-7-0-package-tgz tar:///home/raphael/.npm/jade/1.7.0/package.tgz
135 silly lockFile 38078566-e-raphael-npm-jade-1-7-0-package /home/raphael/.npm/jade/1.7.0/package
136 verbose lock /home/raphael/.npm/jade/1.7.0/package /home/raphael/.npm/38078566-e-raphael-npm-jade-1-7-0-package.lock
137 silly lockFile 38078566-e-raphael-npm-jade-1-7-0-package /home/raphael/.npm/jade/1.7.0/package
138 silly lockFile 38078566-e-raphael-npm-jade-1-7-0-package /home/raphael/.npm/jade/1.7.0/package
139 verbose tar unpack /home/raphael/.npm/jade/1.7.0/package.tgz
140 silly lockFile 1d2692f2-e-raphael-npm-jade-1-7-0-package tar:///home/raphael/.npm/jade/1.7.0/package
141 verbose lock tar:///home/raphael/.npm/jade/1.7.0/package /home/raphael/.npm/1d2692f2-e-raphael-npm-jade-1-7-0-package.lock
142 silly lockFile 3c73bbbb-phael-npm-jade-1-7-0-package-tgz tar:///home/raphael/.npm/jade/1.7.0/package.tgz
143 verbose lock tar:///home/raphael/.npm/jade/1.7.0/package.tgz /home/raphael/.npm/3c73bbbb-phael-npm-jade-1-7-0-package-tgz.lock
144 silly gunzTarPerm modes [ '755', '644' ]
145 silly gunzTarPerm extractEntry package.json
146 silly gunzTarPerm extractEntry .npmignore
147 silly gunzTarPerm extractEntry README.md
148 silly gunzTarPerm extractEntry LICENSE
149 silly gunzTarPerm extractEntry release.js
150 silly gunzTarPerm extractEntry jade.js
151 silly gunzTarPerm extractEntry index.js
152 silly gunzTarPerm extractEntry runtime.js
153 silly gunzTarPerm extractEntry .release.json
154 silly gunzTarPerm extractEntry lib/compiler.js
155 silly gunzTarPerm extractEntry lib/filters-client.js
156 silly gunzTarPerm extractEntry lib/filters.js
157 silly gunzTarPerm extractEntry lib/index.js
158 silly gunzTarPerm extractEntry lib/inline-tags.js
159 silly gunzTarPerm extractEntry lib/doctypes.js
160 silly gunzTarPerm extractEntry lib/lexer.js
161 silly gunzTarPerm extractEntry lib/runtime.js
162 silly gunzTarPerm extractEntry lib/parser.js
163 silly gunzTarPerm extractEntry lib/utils.js
164 silly gunzTarPerm extractEntry lib/jade.js
165 silly gunzTarPerm extractEntry lib/nodes/attrs.js
166 silly gunzTarPerm extractEntry lib/nodes/code.js
167 silly gunzTarPerm extractEntry lib/nodes/comment.js
168 silly gunzTarPerm extractEntry lib/nodes/doctype.js
169 silly gunzTarPerm extractEntry lib/nodes/each.js
170 silly gunzTarPerm extractEntry lib/nodes/case.js
171 silly gunzTarPerm extractEntry lib/nodes/index.js
172 silly gunzTarPerm extractEntry lib/nodes/literal.js
173 silly gunzTarPerm extractEntry lib/nodes/mixin-block.js
174 silly gunzTarPerm extractEntry lib/nodes/mixin.js
175 silly gunzTarPerm extractEntry lib/nodes/node.js
176 silly gunzTarPerm extractEntry lib/nodes/block.js
177 silly gunzTarPerm extractEntry lib/nodes/tag.js
178 silly gunzTarPerm extractEntry lib/nodes/block-comment.js
179 silly gunzTarPerm extractEntry lib/nodes/text.js
180 silly gunzTarPerm extractEntry lib/nodes/filter.js
181 silly gunzTarPerm extractEntry bin/jade.js
182 silly gunzTarPerm extractEntry Readme_zh-cn.md
183 silly gunzTarPerm extractEntry component.json
184 silly lockFile 1d2692f2-e-raphael-npm-jade-1-7-0-package tar:///home/raphael/.npm/jade/1.7.0/package
185 silly lockFile 1d2692f2-e-raphael-npm-jade-1-7-0-package tar:///home/raphael/.npm/jade/1.7.0/package
186 silly lockFile 3c73bbbb-phael-npm-jade-1-7-0-package-tgz tar:///home/raphael/.npm/jade/1.7.0/package.tgz
187 silly lockFile 3c73bbbb-phael-npm-jade-1-7-0-package-tgz tar:///home/raphael/.npm/jade/1.7.0/package.tgz
188 verbose chmod /home/raphael/.npm/jade/1.7.0/package.tgz 644
189 verbose chown /home/raphael/.npm/jade/1.7.0/package.tgz [ 1000, 1000 ]
190 silly lockFile 14fd3f89-ry-npmjs-org-jade-jade-1-7-0-tgz https://registry.npmjs.org/jade/-/jade-1.7.0.tgz
191 silly lockFile 14fd3f89-ry-npmjs-org-jade-jade-1-7-0-tgz https://registry.npmjs.org/jade/-/jade-1.7.0.tgz
192 silly lockFile 154ac756-jade-1-7-0 jade@1.7.0
193 silly lockFile 154ac756-jade-1-7-0 jade@1.7.0
194 silly lockFile 51d481b2-jade jade@
195 silly lockFile 51d481b2-jade jade@
196 silly resolved [ { name: 'jade',
196 silly resolved     description: 'Jade template engine',
196 silly resolved     version: '1.7.0',
196 silly resolved     author: { name: 'TJ Holowaychuk', email: 'tj@vision-media.ca' },
196 silly resolved     maintainers: [ [Object], [Object], [Object] ],
196 silly resolved     license: 'MIT',
196 silly resolved     repository: { type: 'git', url: 'git://github.com/visionmedia/jade' },
196 silly resolved     main: './index.js',
196 silly resolved     bin: { jade: './bin/jade.js' },
196 silly resolved     dependencies:
196 silly resolved      { 'character-parser': '1.2.0',
196 silly resolved        commander: '2.1.0',
196 silly resolved        constantinople: '~2.0.0',
196 silly resolved        mkdirp: '~0.5.0',
196 silly resolved        monocle: '1.1.51',
196 silly resolved        transformers: '2.1.0',
196 silly resolved        'void-elements': '~1.0.0',
196 silly resolved        with: '~3.0.0' },
196 silly resolved     devDependencies:
196 silly resolved      { 'coffee-script': '*',
196 silly resolved        mocha: '*',
196 silly resolved        istanbul: '*',
196 silly resolved        markdown: '*',
196 silly resolved        stylus: '*',
196 silly resolved        should: '*',
196 silly resolved        less: '*',
196 silly resolved        'uglify-js': '*',
196 silly resolved        browserify: '*',
196 silly resolved        linify: '*',
196 silly resolved        'less-file': '0.0.8',
196 silly resolved        express: '~3.4.8',
196 silly resolved        'browserify-middleware': '~2.4.0',
196 silly resolved        twbs: '0.0.6',
196 silly resolved        'highlight-codemirror': '~3.20.0',
196 silly resolved        inconsolata: '0.0.2',
196 silly resolved        'jade-code-mirror': '~1.0.5',
196 silly resolved        'code-mirror': '~3.22.0',
196 silly resolved        handle: '~1.0.0',
196 silly resolved        'jade-highlighter': '~1.0.5',
196 silly resolved        marked: '~0.3.2',
196 silly resolved        stop: '^3.0.0-rc1',
196 silly resolved        opener: '^1.3.0',
196 silly resolved        'github-basic': '^3.0.0',
196 silly resolved        'pull-request': '^3.0.0',
196 silly resolved        lsr: '^1.0.0',
196 silly resolved        rimraf: '^2.2.8' },
196 silly resolved     component: { scripts: [Object] },
196 silly resolved     scripts:
196 silly resolved      { test: 'mocha -R spec && npm run coverage',
196 silly resolved        coverage: 'istanbul cover node_modules/mocha/bin/_mocha',
196 silly resolved        prepublish: 'npm prune && linify transform bin && npm run build',
196 silly resolved        build: 'npm run compile',
196 silly resolved        compile: 'npm run compile-full && npm run compile-runtime',
196 silly resolved        'compile-full': 'browserify ./lib/jade.js --standalone jade -x ./node_modules/transformers > jade.js',
196 silly resolved        'compile-runtime': 'browserify ./lib/runtime.js --standalone jade > runtime.js' },
196 silly resolved     browser: { './lib/filters.js': './lib/filters-client.js' },
196 silly resolved     readme: '# [![Jade - template engine ](http://i.imgur.com/5zf2aVt.png)](http://jade-lang.com/)\r\n\r\nFull documentation is at [jade-lang.com](http://jade-lang.com/)\r\n\r\n Jade is a high performance template engine heavily influenced by [Haml](http://haml-lang.com)\r\n and implemented with JavaScript for [node](http://nodejs.org). For discussion join the [Google Group](http://groups.google.com/group/jadejs).\r\n\r\n You can test drive Jade online [here](http://naltatis.github.com/jade-syntax-docs).\r\n\r\n [![Build Status](https://img.shields.io/travis/visionmedia/jade/master.svg)](https://travis-ci.org/visionmedia/jade)\r\n [![Dependency Status](https://img.shields.io/gemnasium/visionmedia/jade.svg)](https://gemnasium.com/visionmedia/jade)\r\n [![NPM version](https://img.shields.io/npm/v/jade.svg)](http://badge.fury.io/js/jade)\r\n\r\n## Installation\r\n\r\nvia npm:\r\n\r\n```bash\r\n$ npm install jade\r\n```\r\n\r\n## Syntax\r\n\r\nJade is a clean, whitespace sensitive syntax for writing html.  Here is a simple example:\r\n\r\n```jade\r\ndoctype html\r\nhtml(lang="en")\r\n  head\r\n    title= pageTitle\r\n    script(type=\'text/javascript\').\r\n      if (foo) bar(1 + 5)\r\n  body\r\n    h1 Jade - node template engine\r\n    #container.col\r\n      if youAreUsingJade\r\n        p You are amazing\r\n      else\r\n        p Get on it!\r\n      p.\r\n        Jade is a terse and simple templating language with a\r\n        strong focus on performance and powerful features.\r\n```\r\n\r\nbecomes\r\n\r\n\r\n```html\r\n<!DOCTYPE html>\r\n<html lang="en">\r\n  <head>\r\n    <title>Jade</title>\r\n    <script type="text/javascript">\r\n      if (foo) bar(1 + 5)\r\n    </script>\r\n  </head>\r\n  <body>\r\n    <h1>Jade - node template engine</h1>\r\n    <div id="container" class="col">\r\n      <p>You are amazing</p>\r\n      <p>Jade is a terse and simple templating language with a strong focus on performance and powerful features.</p>\r\n    </div>\r\n  </body>\r\n</html>\r\n```\r\n\r\nThe official [jade tutorial](http://jade-lang.com/tutorial/) is a great place to start.  While that (and the syntax documentation) is being finished, you can view some of the old documentation [here](https://github.com/visionmedia/jade/blob/master/jade.md) and [here](https://github.com/visionmedia/jade/blob/master/jade-language.md)\r\n\r\n## API\r\n\r\nFor full API, see [jade-lang.com/api](http://jade-lang.com/api/)\r\n\r\n```js\r\nvar jade = require(\'jade\');\r\n\r\n// compile\r\nvar fn = jade.compile(\'string of jade\', options);\r\nvar html = fn(locals);\r\n\r\n// render\r\nvar html = jade.render(\'string of jade\', merge(options, locals));\r\n\r\n// renderFile\r\nvar html = jade.renderFile(\'filename.jade\', merge(options, locals));\r\n```\r\n\r\n### Options\r\n\r\n - `filename`  Used in exceptions, and required when using includes\r\n - `compileDebug`  When `false` no debug instrumentation is compiled\r\n - `pretty`    Add pretty-indentation whitespace to output _(false by default)_\r\n\r\n## Browser Support\r\n\r\n The latest version of jade can be download for the browser in standalone form from [here](https://github.com/visionmedia/jade/raw/master/jade.js).  It only supports the very latest browsers though, and is a large file.  It is recommended that you pre-compile your jade templates to JavaScript and then just use the [runtime.js](https://github.com/visionmedia/jade/raw/master/runtime.js) library on the client.\r\n\r\n To compile a template for use on the client using the command line, do:\r\n\r\n```console\r\n$ jade --client --no-debug filename.jade\r\n```\r\n\r\nwhich will produce `filename.js` containing the compiled template.\r\n\r\n## Command Line\r\n\r\nAfter installing the latest version of [node](http://nodejs.org/), install with:\r\n\r\n```console\r\n$ npm install jade -g\r\n```\r\n\r\nand run with\r\n\r\n```console\r\n$ jade --help\r\n```\r\n\r\n## Additional Resources\r\n\r\nTutorials:\r\n\r\n  - cssdeck interactive [Jade syntax tutorial](http://cssdeck.com/labs/learning-the-jade-templating-engine-syntax)\r\n  - cssdeck interactive [Jade logic tutorial](http://cssdeck.com/labs/jade-templating-tutorial-codecast-part-2)\r\n  - [Jade について。](https://gist.github.com/japboy/5402844) (A Japanese Tutorial)\r\n  - [Jade - 模板引擎](https://github.com/visionmedia/jade/blob/master/Readme_zh-cn.md)\r\n\r\nImplementations in other languages:\r\n\r\n  - [php](http://github.com/everzet/jade.php)\r\n  - [scala](http://scalate.fusesource.org/versions/snapshot/documentation/scaml-reference.html)\r\n  - [ruby](https://github.com/slim-template/slim)\r\n  - [python](https://github.com/SyrusAkbary/pyjade)\r\n  - [java](https://github.com/neuland/jade4j)\r\n\r\nOther:\r\n\r\n  - [Emacs Mode](https://github.com/brianc/jade-mode)\r\n  - [Vim Syntax](https://github.com/digitaltoad/vim-jade)\r\n  - [TextMate Bundle](http://github.com/miksago/jade-tmbundle)\r\n  - [Coda/SubEtha syntax Mode](https://github.com/aaronmccall/jade.mode)\r\n  - [Screencasts](http://tjholowaychuk.com/post/1004255394/jade-screencast-template-engine-for-nodejs)\r\n  - [html2jade](https://github.com/donpark/html2jade) converter\r\n  - [Jade Server](https://github.com/ded/jade-server)  Ideal for building local prototypes apart from any application\r\n\r\n## License\r\n\r\nMIT\r\n',
196 silly resolved     readmeFilename: 'README.md',
196 silly resolved     bugs: { url: 'https://github.com/visionmedia/jade/issues' },
196 silly resolved     _id: 'jade@1.7.0',
196 silly resolved     dist: { shasum: '134c6d660ef801f6b2f54f9a714372dc7ab321ea' },
196 silly resolved     _from: 'jade@',
196 silly resolved     _resolved: 'https://registry.npmjs.org/jade/-/jade-1.7.0.tgz' } ]
197 info install jade@1.7.0 into /usr/local/lib
198 info installOne jade@1.7.0
199 info /usr/local/lib/node_modules/jade unbuild
200 verbose tar unpack /home/raphael/.npm/jade/1.7.0/package.tgz
201 silly lockFile 537c17f0--usr-local-lib-node-modules-jade tar:///usr/local/lib/node_modules/jade
202 verbose lock tar:///usr/local/lib/node_modules/jade /home/raphael/.npm/537c17f0--usr-local-lib-node-modules-jade.lock
203 silly lockFile 3c73bbbb-phael-npm-jade-1-7-0-package-tgz tar:///home/raphael/.npm/jade/1.7.0/package.tgz
204 verbose lock tar:///home/raphael/.npm/jade/1.7.0/package.tgz /home/raphael/.npm/3c73bbbb-phael-npm-jade-1-7-0-package-tgz.lock
205 silly gunzTarPerm modes [ '755', '644' ]
206 error Error: EACCES, mkdir '/usr/local/lib/node_modules'
206 error  { [Error: EACCES, mkdir '/usr/local/lib/node_modules']
206 error   errno: 3,
206 error   code: 'EACCES',
206 error   path: '/usr/local/lib/node_modules',
206 error   fstream_type: 'Directory',
206 error   fstream_path: '/usr/local/lib/node_modules/jade',
206 error   fstream_class: 'DirWriter',
206 error   fstream_stack:
206 error    [ '/usr/lib/nodejs/fstream/lib/writer.js:171:23',
206 error      '/usr/lib/nodejs/mkdirp/index.js:37:53',
206 error      'Object.oncomplete (fs.js:107:15)' ] }
207 error Please try running this command again as root/Administrator.
208 error System Linux 3.13.0-32-generic
209 error command "/usr/bin/nodejs" "/usr/bin/npm" "install" "jade" "-g"
210 error cwd /home/raphael/ruby/sinatra-example
211 error node -v v0.10.25
212 error npm -v 1.3.10
213 error path /usr/local/lib/node_modules
214 error fstream_path /usr/local/lib/node_modules/jade
215 error fstream_type Directory
216 error fstream_class DirWriter
217 error code EACCES
218 error errno 3
219 error stack Error: EACCES, mkdir '/usr/local/lib/node_modules'
220 error fstream_stack /usr/lib/nodejs/fstream/lib/writer.js:171:23
220 error fstream_stack /usr/lib/nodejs/mkdirp/index.js:37:53
220 error fstream_stack Object.oncomplete (fs.js:107:15)
221 verbose exit [ 3, true ]
